<?xml version="1.0" encoding="UTF-8"?>
<!-- Generated by org.testng.reporters.JUnitXMLReporter -->
<testsuite ignored="0" hostname="Bheemsain" failures="7" tests="7" name="App UI Tests" time="7.362" errors="0" timestamp="2023-10-03T15:35:34 AEDT">
  <testcase classname="io.cucumber.testng.AbstractTestNGCucumberTests" name="runScenario" time="0.209">
    <failure type="java.lang.RuntimeException" message="Unsupported browser: ${Browser}">
      <![CDATA[java.lang.RuntimeException: Unsupported browser: ${Browser}
at com.bts.app.helper.DriverHelper.initDriver(DriverHelper.java:41)
at com.bts.app.utils.Hooks.launchBrowser(Hooks.java:26)
]]>
    </failure>
  </testcase> <!-- runScenario -->
  <testcase classname="io.cucumber.testng.AbstractTestNGCucumberTests" name="runScenario" time="0.032">
    <failure type="java.lang.RuntimeException" message="Unsupported browser: ${Browser}">
      <![CDATA[java.lang.RuntimeException: Unsupported browser: ${Browser}
at com.bts.app.helper.DriverHelper.initDriver(DriverHelper.java:41)
at com.bts.app.utils.Hooks.launchBrowser(Hooks.java:26)
]]>
    </failure>
  </testcase> <!-- runScenario -->
  <testcase classname="io.cucumber.testng.AbstractTestNGCucumberTests" name="runScenario" time="0.025">
    <failure type="java.lang.RuntimeException" message="Unsupported browser: ${Browser}">
      <![CDATA[java.lang.RuntimeException: Unsupported browser: ${Browser}
at com.bts.app.helper.DriverHelper.initDriver(DriverHelper.java:41)
at com.bts.app.utils.Hooks.launchBrowser(Hooks.java:26)
]]>
    </failure>
  </testcase> <!-- runScenario -->
  <testcase classname="io.cucumber.testng.AbstractTestNGCucumberTests" name="runScenario" time="0.019">
    <failure type="java.lang.RuntimeException" message="Unsupported browser: ${Browser}">
      <![CDATA[java.lang.RuntimeException: Unsupported browser: ${Browser}
at com.bts.app.helper.DriverHelper.initDriver(DriverHelper.java:41)
at com.bts.app.utils.Hooks.launchBrowser(Hooks.java:26)
]]>
    </failure>
  </testcase> <!-- runScenario -->
  <testcase classname="io.cucumber.testng.AbstractTestNGCucumberTests" name="runScenario" time="0.05">
    <failure type="java.lang.RuntimeException" message="Unsupported browser: ${Browser}">
      <![CDATA[java.lang.RuntimeException: Unsupported browser: ${Browser}
at com.bts.app.helper.DriverHelper.initDriver(DriverHelper.java:41)
at com.bts.app.utils.Hooks.launchBrowser(Hooks.java:26)
]]>
    </failure>
  </testcase> <!-- runScenario -->
  <testcase classname="io.cucumber.testng.AbstractTestNGCucumberTests" name="runScenario" time="0.029">
    <failure type="java.lang.RuntimeException" message="Unsupported browser: ${Browser}">
      <![CDATA[java.lang.RuntimeException: Unsupported browser: ${Browser}
at com.bts.app.helper.DriverHelper.initDriver(DriverHelper.java:41)
at com.bts.app.utils.Hooks.launchBrowser(Hooks.java:26)
]]>
    </failure>
  </testcase> <!-- runScenario -->
  <testcase classname="io.cucumber.testng.AbstractTestNGCucumberTests" name="runScenario" time="0.018">
    <failure type="java.lang.RuntimeException" message="Unsupported browser: ${Browser}">
      <![CDATA[java.lang.RuntimeException: Unsupported browser: ${Browser}
at com.bts.app.helper.DriverHelper.initDriver(DriverHelper.java:41)
at com.bts.app.utils.Hooks.launchBrowser(Hooks.java:26)
]]>
    </failure>
  </testcase> <!-- runScenario -->
</testsuite> <!-- App UI Tests -->
